Log file open, 10/19/22 13:59:38
LogInit: Display: Running engine for game: MyCProject00
LogPlatformFile: Not using cached read wrapper
LogTaskGraph: Started task graph with 5 named threads and 35 total threads with 3 sets of task threads.
LogStats: Stats thread started at 0.137840
LogD3D11RHI: Loaded GFSDK_Aftermath_Lib.x64.dll
LogICUInternationalization: ICU TimeZone Detection - Raw Offset: +9:00, Platform Override: ''
LogPluginManager: Mounting plugin Paper2D
LogPluginManager: Mounting plugin AISupport
LogPluginManager: Mounting plugin LightPropagationVolume
LogPluginManager: Mounting plugin CameraShakePreviewer
LogPluginManager: Mounting plugin ActorLayerUtilities
LogPluginManager: Mounting plugin AnimationSharing
LogPluginManager: Mounting plugin CLionSourceCodeAccess
LogPluginManager: Mounting plugin CodeLiteSourceCodeAccess
LogPluginManager: Mounting plugin GitSourceControl
LogPluginManager: Mounting plugin KDevelopSourceCodeAccess
LogPluginManager: Mounting plugin NullSourceCodeAccess
LogPluginManager: Mounting plugin PerforceSourceControl
LogPluginManager: Mounting plugin PlasticSourceControl
LogPluginManager: Mounting plugin RiderSourceCodeAccess
LogPluginManager: Mounting plugin SubversionSourceControl
LogPluginManager: Mounting plugin UObjectPlugin
LogPluginManager: Mounting plugin VisualStudioCodeSourceCodeAccess
LogPluginManager: Mounting plugin VisualStudioSourceCodeAccess
LogPluginManager: Mounting plugin XCodeSourceCodeAccess
LogPluginManager: Mounting plugin AssetManagerEditor
LogPluginManager: Mounting plugin CryptoKeys
LogPluginManager: Mounting plugin CurveEditorTools
LogPluginManager: Mounting plugin DataValidation
LogPluginManager: Mounting plugin EditorScriptingUtilities
LogPluginManager: Mounting plugin FacialAnimation
LogPluginManager: Mounting plugin GameplayTagsEditor
LogPluginManager: Mounting plugin GeometryMode
LogPluginManager: Mounting plugin MacGraphicsSwitching
LogPluginManager: Mounting plugin MaterialAnalyzer
LogPluginManager: Mounting plugin MobileLauncherProfileWizard
LogPluginManager: Mounting plugin PluginBrowser
LogPluginManager: Mounting plugin SpeedTreeImporter
LogPluginManager: Mounting plugin DatasmithContent
LogPluginManager: Mounting plugin VariantManagerContent
LogPluginManager: Mounting plugin AlembicImporter
LogPluginManager: Mounting plugin AutomationUtils
LogPluginManager: Mounting plugin BackChannel
LogPluginManager: Mounting plugin ChaosCloth
LogPluginManager: Mounting plugin ChaosClothEditor
LogPluginManager: Mounting plugin ChaosEditor
LogPluginManager: Mounting plugin ChaosNiagara
LogPluginManager: Mounting plugin ChaosSolverPlugin
LogPluginManager: Mounting plugin CharacterAI
LogPluginManager: Mounting plugin GeometryCache
LogPluginManager: Mounting plugin GeometryCollectionPlugin
LogPluginManager: Mounting plugin GeometryProcessing
LogPluginManager: Mounting plugin PlanarCut
LogPluginManager: Mounting plugin PlatformCrypto
LogPluginManager: Mounting plugin ProxyLODPlugin
LogPluginManager: Mounting plugin SkeletalReduction
LogPluginManager: Mounting plugin Niagara
LogPluginManager: Mounting plugin MagicLeap
LogPluginManager: Mounting plugin MagicLeapLightEstimation
LogPluginManager: Mounting plugin MagicLeapMedia
LogPluginManager: Mounting plugin MagicLeapPassableWorld
LogPluginManager: Mounting plugin MLSDK
LogPluginManager: Mounting plugin AndroidMedia
LogPluginManager: Mounting plugin AvfMedia
LogPluginManager: Mounting plugin ImgMedia
LogPluginManager: Mounting plugin MediaCompositing
LogPluginManager: Mounting plugin MediaPlayerEditor
LogPluginManager: Mounting plugin WebMMedia
LogPluginManager: Mounting plugin WmfMedia
LogPluginManager: Mounting plugin MeshPainting
LogPluginManager: Mounting plugin TcpMessaging
LogPluginManager: Mounting plugin UdpMessaging
LogPluginManager: Mounting plugin ActorSequence
LogPluginManager: Mounting plugin LevelSequenceEditor
LogPluginManager: Mounting plugin MatineeToLevelSequence
LogPluginManager: Mounting plugin MovieRenderPipeline
LogPluginManager: Mounting plugin TemplateSequence
LogPluginManager: Mounting plugin NetcodeUnitTest
LogPluginManager: Mounting plugin NUTUnrealEngine4
LogPluginManager: Mounting plugin OnlineSubsystemGooglePlay
LogPluginManager: Mounting plugin OnlineSubsystemIOS
LogPluginManager: Mounting plugin OnlineSubsystem
LogPluginManager: Mounting plugin OnlineSubsystemNull
LogPluginManager: Mounting plugin OnlineSubsystemUtils
LogPluginManager: Mounting plugin LauncherChunkInstaller
LogPluginManager: Mounting plugin AndroidDeviceProfileSelector
LogPluginManager: Mounting plugin AndroidMoviePlayer
LogPluginManager: Mounting plugin AndroidPermission
LogPluginManager: Mounting plugin AppleImageUtils
LogPluginManager: Mounting plugin AppleMoviePlayer
LogPluginManager: Mounting plugin ArchVisCharacter
LogPluginManager: Mounting plugin AssetTags
LogPluginManager: Mounting plugin AudioCapture
LogPluginManager: Mounting plugin CableComponent
LogPluginManager: Mounting plugin CustomMeshComponent
LogPluginManager: Mounting plugin EditableMesh
LogPluginManager: Mounting plugin ExampleDeviceProfileSelector
LogPluginManager: Mounting plugin GoogleCloudMessaging
LogPluginManager: Mounting plugin GooglePAD
LogPluginManager: Mounting plugin IOSDeviceProfileSelector
LogPluginManager: Mounting plugin LinuxDeviceProfileSelector
LogPluginManager: Mounting plugin LocationServicesBPLibrary
LogPluginManager: Mounting plugin MobilePatchingUtils
LogPluginManager: Mounting plugin OculusVR
LogPluginManager: Mounting plugin PhysXVehicles
LogPluginManager: Mounting plugin PostSplashScreen
LogPluginManager: Mounting plugin ProceduralMeshComponent
LogPluginManager: Mounting plugin RuntimePhysXCooking
LogPluginManager: Mounting plugin SignificanceManager
LogPluginManager: Mounting plugin SoundFields
LogPluginManager: Mounting plugin SteamVR
LogPluginManager: Mounting plugin Synthesis
LogPluginManager: Mounting plugin WebMMoviePlayer
LogPluginManager: Mounting plugin WindowsMoviePlayer
LogPluginManager: Mounting plugin ScreenshotTools
LogInit: Using libcurl 7.55.1-DEV
LogInit:  - built for x86_64-pc-win32
LogInit:  - supports SSL with OpenSSL/1.1.1
LogInit:  - supports HTTP deflate (compression) using libz 1.2.8
LogInit:  - other features:
LogInit:      CURL_VERSION_SSL
LogInit:      CURL_VERSION_LIBZ
LogInit:      CURL_VERSION_IPV6
LogInit:      CURL_VERSION_ASYNCHDNS
LogInit:      CURL_VERSION_LARGEFILE
LogInit:      CURL_VERSION_IDN
LogInit:  CurlRequestOptions (configurable via config and command line):
LogInit:  - bVerifyPeer = true  - Libcurl will verify peer certificate
LogInit:  - bUseHttpProxy = false  - Libcurl will NOT use HTTP proxy
LogInit:  - bDontReuseConnections = false  - Libcurl will reuse connections
LogInit:  - MaxHostConnections = 16  - Libcurl will limit the number of connections to a host
LogInit:  - LocalHostAddr = Default
LogInit:  - BufferSize = 65536
LogOnline: OSS: Creating online subsystem instance for: NULL
LogInit: WinSock: version 1.1 (2.2), MaxSocks=32767, MaxUdp=65467
LogOnline: OSS: TryLoadSubsystemAndSetDefault: Loaded subsystem for module [NULL]
LogInit: Build: ++UE4+Release-4.25-CL-14469661
LogInit: Engine Version: 4.25.4-14469661+++UE4+Release-4.25
LogInit: Compatible Engine Version: 4.25.0-13144385+++UE4+Release-4.25
LogInit: Net CL: 13144385
LogInit: OS: Windows 10 (Release 2009) (), CPU: 12th Gen Intel(R) Core(TM) i5-12400F, GPU: NVIDIA GeForce GTX 1650
LogInit: Compiled (64-bit): Oct 11 2020 08:10:49
LogInit: Compiled with Visual C++: 19.24.28315.00
LogInit: Build Configuration: Development
LogInit: Branch Name: ++UE4+Release-4.25
LogInit: Command Line: 
LogInit: Base Directory: C:/Program Files/Epic Games/UE_4.25/Engine/Binaries/Win64/
LogInit: Allocator: TBB
LogInit: Installed Engine Build: 1
LogDevObjectVersion: Number of dev versions registered: 26
LogDevObjectVersion:   Dev-Blueprints (B0D832E4-1F89-4F0D-ACCF-7EB736FD4AA2): 10
LogDevObjectVersion:   Dev-Build (E1C64328-A22C-4D53-A36C-8E866417BD8C): 0
LogDevObjectVersion:   Dev-Core (375EC13C-06E4-48FB-B500-84F0262A717E): 4
LogDevObjectVersion:   Dev-Editor (E4B068ED-F494-42E9-A231-DA0B2E46BB41): 38
LogDevObjectVersion:   Dev-Framework (CFFC743F-43B0-4480-9391-14DF171D2073): 37
LogDevObjectVersion:   Dev-Mobile (B02B49B5-BB20-44E9-A304-32B752E40360): 2
LogDevObjectVersion:   Dev-Networking (A4E4105C-59A1-49B5-A7C5-40C4547EDFEE): 0
LogDevObjectVersion:   Dev-Online (39C831C9-5AE6-47DC-9A44-9C173E1C8E7C): 0
LogDevObjectVersion:   Dev-Physics (78F01B33-EBEA-4F98-B9B4-84EACCB95AA2): 4
LogDevObjectVersion:   Dev-Platform (6631380F-2D4D-43E0-8009-CF276956A95A): 0
LogDevObjectVersion:   Dev-Rendering (12F88B9F-8875-4AFC-A67C-D90C383ABD29): 43
LogDevObjectVersion:   Dev-Sequencer (7B5AE74C-D270-4C10-A958-57980B212A5A): 12
LogDevObjectVersion:   Dev-VR (D7296918-1DD6-4BDD-9DE2-64A83CC13884): 3
LogDevObjectVersion:   Dev-LoadTimes (C2A15278-BFE7-4AFE-6C17-90FF531DF755): 1
LogDevObjectVersion:   Private-Geometry (6EACA3D4-40EC-4CC1-B786-8BED09428FC5): 3
LogDevObjectVersion:   Dev-AnimPhys (29E575DD-E0A3-4627-9D10-D276232CDCEA): 17
LogDevObjectVersion:   Dev-Anim (AF43A65D-7FD3-4947-9873-3E8ED9C1BB05): 7
LogDevObjectVersion:   Dev-ReflectionCapture (6B266CEC-1EC7-4B8F-A30B-E4D90942FC07): 1
LogDevObjectVersion:   Dev-Automation (0DF73D61-A23F-47EA-B727-89E90C41499A): 1
LogDevObjectVersion:   FortniteMain (601D1886-AC64-4F84-AA16-D3DE0DEAC7D6): 31
LogDevObjectVersion:   Dev-Enterprise (9DFFBCD6-494F-0158-E221-12823C92A888): 10
LogDevObjectVersion:   Dev-Niagara (F2AED0AC-9AFE-416F-8664-AA7FFA26D6FC): 1
LogDevObjectVersion:   Dev-Destruction (174F1F0B-B4C6-45A5-B13F-2EE8D0FB917D): 10
LogDevObjectVersion:   Dev-Physics-Ext (35F94A83-E258-406C-A318-09F59610247C): 37
LogDevObjectVersion:   Dev-PhysicsMaterial-Chaos (B68FC16E-8B1B-42E2-B453-215C058844FE): 1
LogDevObjectVersion:   Dev-CineCamera (B2E18506-4273-CFC2-A54E-F4BB758BBA07): 1
LogInit: Presizing for max 25165824 objects, including 0 objects not considered by GC, pre-allocating 0 bytes for permanent pool.
LogConfig: Applying CVar settings from Section [/Script/Engine.StreamingSettings] File [C:/Users/SGA/Documents/Mingyu/Saved/Config/Windows/Engine.ini]
LogConfig: Setting CVar [[s.MinBulkDataSizeForAsyncLoading:131072]]
LogConfig: Setting CVar [[s.AsyncLoadingThreadEnabled:0]]
LogConfig: Setting CVar [[s.EventDrivenLoaderEnabled:1]]
LogConfig: Setting CVar [[s.WarnIfTimeLimitExceeded:0]]
LogConfig: Setting CVar [[s.TimeLimitExceededMultiplier:1.5]]
LogConfig: Setting CVar [[s.TimeLimitExceededMinTime:0.005]]
LogConfig: Setting CVar [[s.UseBackgroundLevelStreaming:1]]
LogConfig: Setting CVar [[s.PriorityAsyncLoadingExtraTime:15.0]]
LogConfig: Setting CVar [[s.LevelStreamingActorsUpdateTimeLimit:5.0]]
LogConfig: Setting CVar [[s.PriorityLevelStreamingActorsUpdateExtraTime:5.0]]
LogConfig: Setting CVar [[s.LevelStreamingComponentsRegistrationGranularity:10]]
LogConfig: Setting CVar [[s.UnregisterComponentsTimeLimit:1.0]]
LogConfig: Setting CVar [[s.LevelStreamingComponentsUnregistrationGranularity:5]]
LogConfig: Setting CVar [[s.FlushStreamingOnExit:1]]
LogInit: Object subsystem initialized
LogConfig: Setting CVar [[con.DebugEarlyDefault:1]]
LogConfig: Setting CVar [[r.setres:1280x720]]
[2022.10.19-04.59.38:984][  0]LogConfig: Setting CVar [[r.VSync:0]]
[2022.10.19-04.59.38:984][  0]LogConfig: Setting CVar [[r.RHICmdBypass:0]]
[2022.10.19-04.59.38:984][  0]LogConfig: Applying CVar settings from Section [/Script/Engine.RendererSettings] File [C:/Users/SGA/Documents/Mingyu/Saved/Config/Windows/Engine.ini]
[2022.10.19-04.59.38:984][  0]LogConfig: Setting CVar [[r.GPUCrashDebugging:0]]
[2022.10.19-04.59.38:984][  0]LogConfig: Applying CVar settings from Section [/Script/Engine.RendererOverrideSettings] File [C:/Users/SGA/Documents/Mingyu/Saved/Config/Windows/Engine.ini]
[2022.10.19-04.59.38:984][  0]LogConfig: Applying CVar settings from Section [/Script/Engine.StreamingSettings] File [C:/Users/SGA/Documents/Mingyu/Saved/Config/Windows/Engine.ini]
[2022.10.19-04.59.38:984][  0]LogConfig: Setting CVar [[s.MinBulkDataSizeForAsyncLoading:131072]]
[2022.10.19-04.59.38:984][  0]LogConfig: Setting CVar [[s.AsyncLoadingThreadEnabled:0]]
[2022.10.19-04.59.38:984][  0]LogConfig: Setting CVar [[s.EventDrivenLoaderEnabled:1]]
[2022.10.19-04.59.38:984][  0]LogConfig: Setting CVar [[s.WarnIfTimeLimitExceeded:0]]
[2022.10.19-04.59.38:984][  0]LogConfig: Setting CVar [[s.TimeLimitExceededMultiplier:1.5]]
[2022.10.19-04.59.38:984][  0]LogConfig: Setting CVar [[s.TimeLimitExceededMinTime:0.005]]
[2022.10.19-04.59.38:985][  0]LogConfig: Setting CVar [[s.UseBackgroundLevelStreaming:1]]
[2022.10.19-04.59.38:985][  0]LogConfig: Setting CVar [[s.PriorityAsyncLoadingExtraTime:15.0]]
[2022.10.19-04.59.38:985][  0]LogConfig: Setting CVar [[s.LevelStreamingActorsUpdateTimeLimit:5.0]]
[2022.10.19-04.59.38:985][  0]LogConfig: Setting CVar [[s.PriorityLevelStreamingActorsUpdateExtraTime:5.0]]
[2022.10.19-04.59.38:985][  0]LogConfig: Setting CVar [[s.LevelStreamingComponentsRegistrationGranularity:10]]
[2022.10.19-04.59.38:985][  0]LogConfig: Setting CVar [[s.UnregisterComponentsTimeLimit:1.0]]
[2022.10.19-04.59.38:985][  0]LogConfig: Setting CVar [[s.LevelStreamingComponentsUnregistrationGranularity:5]]
[2022.10.19-04.59.38:985][  0]LogConfig: Setting CVar [[s.FlushStreamingOnExit:1]]
[2022.10.19-04.59.38:985][  0]LogConfig: Applying CVar settings from Section [/Script/Engine.GarbageCollectionSettings] File [C:/Users/SGA/Documents/Mingyu/Saved/Config/Windows/Engine.ini]
[2022.10.19-04.59.38:985][  0]LogConfig: Setting CVar [[gc.MaxObjectsNotConsideredByGC:1]]
[2022.10.19-04.59.38:985][  0]LogConfig: Setting CVar [[gc.SizeOfPermanentObjectPool:0]]
[2022.10.19-04.59.38:985][  0]LogConfig: Setting CVar [[gc.FlushStreamingOnGC:0]]
[2022.10.19-04.59.38:985][  0]LogConfig: Setting CVar [[gc.NumRetriesBeforeForcingGC:10]]
[2022.10.19-04.59.38:985][  0]LogConfig: Setting CVar [[gc.AllowParallelGC:1]]
[2022.10.19-04.59.38:985][  0]LogConfig: Setting CVar [[gc.TimeBetweenPurgingPendingKillObjects:61.1]]
[2022.10.19-04.59.38:985][  0]LogConfig: Setting CVar [[gc.MaxObjectsInEditor:25165824]]
[2022.10.19-04.59.38:985][  0]LogConfig: Setting CVar [[gc.IncrementalBeginDestroyEnabled:1]]
[2022.10.19-04.59.38:985][  0]LogConfig: Setting CVar [[gc.CreateGCClusters:1]]
[2022.10.19-04.59.38:985][  0]LogConfig: Setting CVar [[gc.MinGCClusterSize:5]]
[2022.10.19-04.59.38:985][  0]LogConfig: Setting CVar [[gc.ActorClusteringEnabled:0]]
[2022.10.19-04.59.38:985][  0]LogConfig: Setting CVar [[gc.BlueprintClusteringEnabled:0]]
[2022.10.19-04.59.38:985][  0]LogConfig: Setting CVar [[gc.UseDisregardForGCOnDedicatedServers:0]]
[2022.10.19-04.59.38:985][  0]LogConfig: Applying CVar settings from Section [/Script/Engine.NetworkSettings] File [C:/Users/SGA/Documents/Mingyu/Saved/Config/Windows/Engine.ini]
[2022.10.19-04.59.38:985][  0]LogConfig: Applying CVar settings from Section [/Script/UnrealEd.CookerSettings] File [C:/Users/SGA/Documents/Mingyu/Saved/Config/Windows/Engine.ini]
[2022.10.19-04.59.38:986][  0]LogConfig: Applying CVar settings from Section [ViewDistanceQuality@3] File [C:/Users/SGA/Documents/Mingyu/Saved/Config/Windows/Scalability.ini]
[2022.10.19-04.59.38:986][  0]LogConfig: Setting CVar [[r.SkeletalMeshLODBias:0]]
[2022.10.19-04.59.38:986][  0]LogConfig: Setting CVar [[r.ViewDistanceScale:1.0]]
[2022.10.19-04.59.38:986][  0]LogConfig: Applying CVar settings from Section [AntiAliasingQuality@3] File [C:/Users/SGA/Documents/Mingyu/Saved/Config/Windows/Scalability.ini]
[2022.10.19-04.59.38:986][  0]LogConfig: Setting CVar [[r.PostProcessAAQuality:4]]
[2022.10.19-04.59.38:986][  0]LogConfig: Applying CVar settings from Section [ShadowQuality@3] File [C:/Users/SGA/Documents/Mingyu/Saved/Config/Windows/Scalability.ini]
[2022.10.19-04.59.38:986][  0]LogConfig: Setting CVar [[r.LightFunctionQuality:1]]
[2022.10.19-04.59.38:986][  0]LogConfig: Setting CVar [[r.ShadowQuality:5]]
[2022.10.19-04.59.38:986][  0]LogConfig: Setting CVar [[r.Shadow.CSM.MaxCascades:10]]
[2022.10.19-04.59.38:986][  0]LogConfig: Setting CVar [[r.Shadow.MaxResolution:2048]]
[2022.10.19-04.59.38:986][  0]LogConfig: Setting CVar [[r.Shadow.MaxCSMResolution:2048]]
[2022.10.19-04.59.38:986][  0]LogConfig: Setting CVar [[r.Shadow.RadiusThreshold:0.01]]
[2022.10.19-04.59.38:986][  0]LogConfig: Setting CVar [[r.Shadow.DistanceScale:1.0]]
[2022.10.19-04.59.38:986][  0]LogConfig: Setting CVar [[r.Shadow.CSM.TransitionScale:1.0]]
[2022.10.19-04.59.38:986][  0]LogConfig: Setting CVar [[r.Shadow.PreShadowResolutionFactor:1.0]]
[2022.10.19-04.59.38:986][  0]LogConfig: Setting CVar [[r.DistanceFieldShadowing:1]]
[2022.10.19-04.59.38:986][  0]LogConfig: Setting CVar [[r.DistanceFieldAO:1]]
[2022.10.19-04.59.38:986][  0]LogConfig: Setting CVar [[r.AOQuality:2]]
[2022.10.19-04.59.38:986][  0]LogConfig: Setting CVar [[r.VolumetricFog:1]]
[2022.10.19-04.59.38:986][  0]LogConfig: Setting CVar [[r.VolumetricFog.GridPixelSize:8]]
[2022.10.19-04.59.38:986][  0]LogConfig: Setting CVar [[r.VolumetricFog.GridSizeZ:128]]
[2022.10.19-04.59.38:986][  0]LogConfig: Setting CVar [[r.VolumetricFog.HistoryMissSupersampleCount:4]]
[2022.10.19-04.59.38:986][  0]LogConfig: Setting CVar [[r.LightMaxDrawDistanceScale:1]]
[2022.10.19-04.59.38:986][  0]LogConfig: Setting CVar [[r.CapsuleShadows:1]]
[2022.10.19-04.59.38:986][  0]LogConfig: Applying CVar settings from Section [PostProcessQuality@3] File [C:/Users/SGA/Documents/Mingyu/Saved/Config/Windows/Scalability.ini]
[2022.10.19-04.59.38:986][  0]LogConfig: Setting CVar [[r.MotionBlurQuality:4]]
[2022.10.19-04.59.38:986][  0]LogConfig: Setting CVar [[r.AmbientOcclusionMipLevelFactor:0.4]]
[2022.10.19-04.59.38:986][  0]LogConfig: Setting CVar [[r.AmbientOcclusionMaxQuality:100]]
[2022.10.19-04.59.38:986][  0]LogConfig: Setting CVar [[r.AmbientOcclusionLevels:-1]]
[2022.10.19-04.59.38:986][  0]LogConfig: Setting CVar [[r.AmbientOcclusionRadiusScale:1.0]]
[2022.10.19-04.59.38:986][  0]LogConfig: Setting CVar [[r.DepthOfFieldQuality:2]]
[2022.10.19-04.59.38:986][  0]LogConfig: Setting CVar [[r.RenderTargetPoolMin:400]]
[2022.10.19-04.59.38:986][  0]LogConfig: Setting CVar [[r.LensFlareQuality:2]]
[2022.10.19-04.59.38:986][  0]LogConfig: Setting CVar [[r.SceneColorFringeQuality:1]]
[2022.10.19-04.59.38:986][  0]LogConfig: Setting CVar [[r.EyeAdaptationQuality:2]]
[2022.10.19-04.59.38:986][  0]LogConfig: Setting CVar [[r.BloomQuality:5]]
[2022.10.19-04.59.38:986][  0]LogConfig: Setting CVar [[r.FastBlurThreshold:100]]
[2022.10.19-04.59.38:986][  0]LogConfig: Setting CVar [[r.Upscale.Quality:3]]
[2022.10.19-04.59.38:986][  0]LogConfig: Setting CVar [[r.Tonemapper.GrainQuantization:1]]
[2022.10.19-04.59.38:986][  0]LogConfig: Setting CVar [[r.LightShaftQuality:1]]
[2022.10.19-04.59.38:986][  0]LogConfig: Setting CVar [[r.Filter.SizeScale:1]]
[2022.10.19-04.59.38:986][  0]LogConfig: Setting CVar [[r.Tonemapper.Quality:5]]
[2022.10.19-04.59.38:986][  0]LogConfig: Setting CVar [[r.DOF.Gather.AccumulatorQuality:1        ; higher gathering accumulator quality]]
[2022.10.19-04.59.38:986][  0]LogConfig: Setting CVar [[r.DOF.Gather.PostfilterMethod:1          ; Median3x3 postfilering method]]
[2022.10.19-04.59.38:986][  0]LogConfig: Setting CVar [[r.DOF.Gather.EnableBokehSettings:0       ; no bokeh simulation when gathering]]
[2022.10.19-04.59.38:986][  0]LogConfig: Setting CVar [[r.DOF.Gather.RingCount:4                 ; medium number of samples when gathering]]
[2022.10.19-04.59.38:986][  0]LogConfig: Setting CVar [[r.DOF.Scatter.ForegroundCompositing:1    ; additive foreground scattering]]
[2022.10.19-04.59.38:986][  0]LogConfig: Setting CVar [[r.DOF.Scatter.BackgroundCompositing:2    ; additive background scattering]]
[2022.10.19-04.59.38:986][  0]LogConfig: Setting CVar [[r.DOF.Scatter.EnableBokehSettings:1      ; bokeh simulation when scattering]]
[2022.10.19-04.59.38:986][  0]LogConfig: Setting CVar [[r.DOF.Scatter.MaxSpriteRatio:0.1         ; only a maximum of 10% of scattered bokeh]]
[2022.10.19-04.59.38:986][  0]LogConfig: Setting CVar [[r.DOF.Recombine.Quality:1                ; cheap slight out of focus]]
[2022.10.19-04.59.38:986][  0]LogConfig: Setting CVar [[r.DOF.Recombine.EnableBokehSettings:0    ; no bokeh simulation on slight out of focus]]
[2022.10.19-04.59.38:986][  0]LogConfig: Setting CVar [[r.DOF.TemporalAAQuality:1                ; more stable temporal accumulation]]
[2022.10.19-04.59.38:986][  0]LogConfig: Setting CVar [[r.DOF.Kernel.MaxForegroundRadius:0.025]]
[2022.10.19-04.59.38:986][  0]LogConfig: Setting CVar [[r.DOF.Kernel.MaxBackgroundRadius:0.025]]
[2022.10.19-04.59.38:986][  0]LogConfig: Applying CVar settings from Section [TextureQuality@3] File [C:/Users/SGA/Documents/Mingyu/Saved/Config/Windows/Scalability.ini]
[2022.10.19-04.59.38:986][  0]LogConfig: Setting CVar [[r.Streaming.MipBias:0]]
[2022.10.19-04.59.38:986][  0]LogConfig: Setting CVar [[r.Streaming.AmortizeCPUToGPUCopy:0]]
[2022.10.19-04.59.38:986][  0]LogConfig: Setting CVar [[r.Streaming.MaxNumTexturesToStreamPerFrame:0]]
[2022.10.19-04.59.38:986][  0]LogConfig: Setting CVar [[r.Streaming.Boost:1]]
[2022.10.19-04.59.38:986][  0]LogConfig: Setting CVar [[r.MaxAnisotropy:8]]
[2022.10.19-04.59.38:986][  0]LogConfig: Setting CVar [[r.VT.MaxAnisotropy:8]]
[2022.10.19-04.59.38:986][  0]LogConfig: Setting CVar [[r.Streaming.LimitPoolSizeToVRAM:0]]
[2022.10.19-04.59.38:986][  0]LogConfig: Setting CVar [[r.Streaming.PoolSize:1000]]
[2022.10.19-04.59.38:986][  0]LogConfig: Setting CVar [[r.Streaming.MaxEffectiveScreenSize:0]]
[2022.10.19-04.59.38:986][  0]LogConfig: Applying CVar settings from Section [EffectsQuality@3] File [C:/Users/SGA/Documents/Mingyu/Saved/Config/Windows/Scalability.ini]
[2022.10.19-04.59.38:986][  0]LogConfig: Setting CVar [[r.TranslucencyLightingVolumeDim:64]]
[2022.10.19-04.59.38:986][  0]LogConfig: Setting CVar [[r.RefractionQuality:2]]
[2022.10.19-04.59.38:986][  0]LogConfig: Setting CVar [[r.SSR.Quality:3]]
[2022.10.19-04.59.38:986][  0]LogConfig: Setting CVar [[r.SSR.HalfResSceneColor:0]]
[2022.10.19-04.59.38:986][  0]LogConfig: Setting CVar [[r.SceneColorFormat:4]]
[2022.10.19-04.59.38:986][  0]LogConfig: Setting CVar [[r.DetailMode:2]]
[2022.10.19-04.59.38:986][  0]LogConfig: Setting CVar [[r.TranslucencyVolumeBlur:1]]
[2022.10.19-04.59.38:987][  0]LogConfig: Setting CVar [[r.MaterialQualityLevel:1 ; High quality]]
[2022.10.19-04.59.38:987][  0]LogConfig: Setting CVar [[r.SSS.Scale:1]]
[2022.10.19-04.59.38:987][  0]LogConfig: Setting CVar [[r.SSS.SampleSet:2]]
[2022.10.19-04.59.38:987][  0]LogConfig: Setting CVar [[r.SSS.Quality:1]]
[2022.10.19-04.59.38:987][  0]LogConfig: Setting CVar [[r.SSS.HalfRes:0]]
[2022.10.19-04.59.38:987][  0]LogConfig: Setting CVar [[r.SSGI.Quality:3]]
[2022.10.19-04.59.38:987][  0]LogConfig: Setting CVar [[r.EmitterSpawnRateScale:1.0]]
[2022.10.19-04.59.38:987][  0]LogConfig: Setting CVar [[r.ParticleLightQuality:2]]
[2022.10.19-04.59.38:987][  0]LogConfig: Setting CVar [[r.SkyAtmosphere.AerialPerspectiveLUT.FastApplyOnOpaque:1 ; Always have FastSkyLUT 1 in this case to avoid wrong sky]]
[2022.10.19-04.59.38:987][  0]LogConfig: Setting CVar [[r.SkyAtmosphere.AerialPerspectiveLUT.SampleCountPerSlice:1]]
[2022.10.19-04.59.38:987][  0]LogConfig: Setting CVar [[r.SkyAtmosphere.AerialPerspectiveLUT.DepthResolution:16.0]]
[2022.10.19-04.59.38:987][  0]LogConfig: Setting CVar [[r.SkyAtmosphere.FastSkyLUT:1]]
[2022.10.19-04.59.38:987][  0]LogConfig: Setting CVar [[r.SkyAtmosphere.FastSkyLUT.SampleCountMin:4.0]]
[2022.10.19-04.59.38:987][  0]LogConfig: Setting CVar [[r.SkyAtmosphere.FastSkyLUT.SampleCountMax:32.0]]
[2022.10.19-04.59.38:987][  0]LogConfig: Setting CVar [[r.SkyAtmosphere.SampleCountMin:4.0]]
[2022.10.19-04.59.38:987][  0]LogConfig: Setting CVar [[r.SkyAtmosphere.SampleCountMax:32.0]]
[2022.10.19-04.59.38:987][  0]LogConfig: Setting CVar [[r.SkyAtmosphere.TransmittanceLUT.UseSmallFormat:0]]
[2022.10.19-04.59.38:987][  0]LogConfig: Setting CVar [[r.SkyAtmosphere.TransmittanceLUT.SampleCount:10.0]]
[2022.10.19-04.59.38:987][  0]LogConfig: Setting CVar [[r.SkyAtmosphere.MultiScatteringLUT.SampleCount:15.0]]
[2022.10.19-04.59.38:987][  0]LogConfig: Applying CVar settings from Section [FoliageQuality@3] File [C:/Users/SGA/Documents/Mingyu/Saved/Config/Windows/Scalability.ini]
[2022.10.19-04.59.38:987][  0]LogConfig: Setting CVar [[foliage.DensityScale:1.0]]
[2022.10.19-04.59.38:987][  0]LogConfig: Setting CVar [[grass.DensityScale:1.0]]
[2022.10.19-04.59.38:987][  0]LogConfig: Applying CVar settings from Section [ShadingQuality@3] File [C:/Users/SGA/Documents/Mingyu/Saved/Config/Windows/Scalability.ini]
[2022.10.19-04.59.38:987][  0]LogConfig: Setting CVar [[r.HairStrands.SkyLighting.SampleCount:16]]
[2022.10.19-04.59.38:987][  0]LogConfig: Setting CVar [[r.HairStrands.SkyLighting.JitterIntegration:0]]
[2022.10.19-04.59.38:987][  0]LogConfig: Setting CVar [[r.HairStrands.SkyAO.SampleCount:16]]
[2022.10.19-04.59.38:987][  0]LogConfig: Setting CVar [[r.HairStrands.DeepShadow.SuperSampling:0]]
[2022.10.19-04.59.38:987][  0]LogConfig: Setting CVar [[r.HairStrands.VisibilityPPLL:0]]
[2022.10.19-04.59.38:987][  0]LogConfig: Setting CVar [[r.HairStrands.RasterizationScale:0.5]]
[2022.10.19-04.59.38:987][  0]LogConfig: Setting CVar [[r.HairStrands.VelocityRasterizationScale:1]]
[2022.10.19-04.59.38:987][  0]LogInit: Selected Device Profile: [Windows]
[2022.10.19-04.59.38:987][  0]LogInit: Applying CVar settings loaded from the selected device profile: [Windows]
[2022.10.19-04.59.38:987][  0]LogHAL: Display: Platform has ~ 16 GB [16980652032 / 17179869184 / 16], which maps to Larger [LargestMinGB=32, LargerMinGB=12, DefaultMinGB=8, SmallerMinGB=6, SmallestMinGB=0)
[2022.10.19-04.59.38:987][  0]LogInit: Going up to parent DeviceProfile []
[2022.10.19-04.59.38:987][  0]LogConfig: Applying CVar settings from Section [ViewDistanceQuality@3] File [C:/Users/SGA/Documents/Mingyu/Saved/Config/Windows/Scalability.ini]
[2022.10.19-04.59.38:987][  0]LogConfig: Setting CVar [[r.SkeletalMeshLODBias:0]]
[2022.10.19-04.59.38:987][  0]LogConfig: Setting CVar [[r.ViewDistanceScale:1.0]]
[2022.10.19-04.59.38:987][  0]LogConfig: Applying CVar settings from Section [AntiAliasingQuality@3] File [C:/Users/SGA/Documents/Mingyu/Saved/Config/Windows/Scalability.ini]
[2022.10.19-04.59.38:987][  0]LogConfig: Setting CVar [[r.PostProcessAAQuality:4]]
[2022.10.19-04.59.38:987][  0]LogConfig: Applying CVar settings from Section [ShadowQuality@3] File [C:/Users/SGA/Documents/Mingyu/Saved/Config/Windows/Scalability.ini]
[2022.10.19-04.59.38:987][  0]LogConfig: Setting CVar [[r.LightFunctionQuality:1]]
[2022.10.19-04.59.38:987][  0]LogConfig: Setting CVar [[r.ShadowQuality:5]]
[2022.10.19-04.59.38:987][  0]LogConfig: Setting CVar [[r.Shadow.CSM.MaxCascades:10]]
[2022.10.19-04.59.38:987][  0]LogConfig: Setting CVar [[r.Shadow.MaxResolution:2048]]
[2022.10.19-04.59.38:987][  0]LogConfig: Setting CVar [[r.Shadow.MaxCSMResolution:2048]]
[2022.10.19-04.59.38:987][  0]LogConfig: Setting CVar [[r.Shadow.RadiusThreshold:0.01]]
[2022.10.19-04.59.38:987][  0]LogConfig: Setting CVar [[r.Shadow.DistanceScale:1.0]]
[2022.10.19-04.59.38:987][  0]LogConfig: Setting CVar [[r.Shadow.CSM.TransitionScale:1.0]]
[2022.10.19-04.59.38:987][  0]LogConfig: Setting CVar [[r.Shadow.PreShadowResolutionFactor:1.0]]
[2022.10.19-04.59.38:987][  0]LogConfig: Setting CVar [[r.DistanceFieldShadowing:1]]
[2022.10.19-04.59.38:987][  0]LogConfig: Setting CVar [[r.DistanceFieldAO:1]]
[2022.10.19-04.59.38:987][  0]LogConfig: Setting CVar [[r.AOQuality:2]]
[2022.10.19-04.59.38:987][  0]LogConfig: Setting CVar [[r.VolumetricFog:1]]
[2022.10.19-04.59.38:987][  0]LogConfig: Setting CVar [[r.VolumetricFog.GridPixelSize:8]]
[2022.10.19-04.59.38:987][  0]LogConfig: Setting CVar [[r.VolumetricFog.GridSizeZ:128]]
[2022.10.19-04.59.38:987][  0]LogConfig: Setting CVar [[r.VolumetricFog.HistoryMissSupersampleCount:4]]
[2022.10.19-04.59.38:987][  0]LogConfig: Setting CVar [[r.LightMaxDrawDistanceScale:1]]
[2022.10.19-04.59.38:987][  0]LogConfig: Setting CVar [[r.CapsuleShadows:1]]
[2022.10.19-04.59.38:987][  0]LogConfig: Applying CVar settings from Section [PostProcessQuality@3] File [C:/Users/SGA/Documents/Mingyu/Saved/Config/Windows/Scalability.ini]
[2022.10.19-04.59.38:987][  0]LogConfig: Setting CVar [[r.MotionBlurQuality:4]]
[2022.10.19-04.59.38:987][  0]LogConfig: Setting CVar [[r.AmbientOcclusionMipLevelFactor:0.4]]
[2022.10.19-04.59.38:987][  0]LogConfig: Setting CVar [[r.AmbientOcclusionMaxQuality:100]]
[2022.10.19-04.59.38:987][  0]LogConfig: Setting CVar [[r.AmbientOcclusionLevels:-1]]
[2022.10.19-04.59.38:987][  0]LogConfig: Setting CVar [[r.AmbientOcclusionRadiusScale:1.0]]
[2022.10.19-04.59.38:987][  0]LogConfig: Setting CVar [[r.DepthOfFieldQuality:2]]
[2022.10.19-04.59.38:987][  0]LogConfig: Setting CVar [[r.RenderTargetPoolMin:400]]
[2022.10.19-04.59.38:987][  0]LogConfig: Setting CVar [[r.LensFlareQuality:2]]
[2022.10.19-04.59.38:987][  0]LogConfig: Setting CVar [[r.SceneColorFringeQuality:1]]
[2022.10.19-04.59.38:987][  0]LogConfig: Setting CVar [[r.EyeAdaptationQuality:2]]
[2022.10.19-04.59.38:987][  0]LogConfig: Setting CVar [[r.BloomQuality:5]]
[2022.10.19-04.59.38:987][  0]LogConfig: Setting CVar [[r.FastBlurThreshold:100]]
[2022.10.19-04.59.38:987][  0]LogConfig: Setting CVar [[r.Upscale.Quality:3]]
[2022.10.19-04.59.38:987][  0]LogConfig: Setting CVar [[r.Tonemapper.GrainQuantization:1]]
[2022.10.19-04.59.38:987][  0]LogConfig: Setting CVar [[r.LightShaftQuality:1]]
[2022.10.19-04.59.38:987][  0]LogConfig: Setting CVar [[r.Filter.SizeScale:1]]
[2022.10.19-04.59.38:987][  0]LogConfig: Setting CVar [[r.Tonemapper.Quality:5]]
[2022.10.19-04.59.38:987][  0]LogConfig: Setting CVar [[r.DOF.Gather.AccumulatorQuality:1        ; higher gathering accumulator quality]]
[2022.10.19-04.59.38:987][  0]LogConfig: Setting CVar [[r.DOF.Gather.PostfilterMethod:1          ; Median3x3 postfilering method]]
[2022.10.19-04.59.38:987][  0]LogConfig: Setting CVar [[r.DOF.Gather.EnableBokehSettings:0       ; no bokeh simulation when gathering]]
[2022.10.19-04.59.38:987][  0]LogConfig: Setting CVar [[r.DOF.Gather.RingCount:4                 ; medium number of samples when gathering]]
[2022.10.19-04.59.38:987][  0]LogConfig: Setting CVar [[r.DOF.Scatter.ForegroundCompositing:1    ; additive foreground scattering]]
[2022.10.19-04.59.38:987][  0]LogConfig: Setting CVar [[r.DOF.Scatter.BackgroundCompositing:2    ; additive background scattering]]
[2022.10.19-04.59.38:987][  0]LogConfig: Setting CVar [[r.DOF.Scatter.EnableBokehSettings:1      ; bokeh simulation when scattering]]
[2022.10.19-04.59.38:987][  0]LogConfig: Setting CVar [[r.DOF.Scatter.MaxSpriteRatio:0.1         ; only a maximum of 10% of scattered bokeh]]
[2022.10.19-04.59.38:987][  0]LogConfig: Setting CVar [[r.DOF.Recombine.Quality:1                ; cheap slight out of focus]]
[2022.10.19-04.59.38:987][  0]LogConfig: Setting CVar [[r.DOF.Recombine.EnableBokehSettings:0    ; no bokeh simulation on slight out of focus]]
[2022.10.19-04.59.38:987][  0]LogConfig: Setting CVar [[r.DOF.TemporalAAQuality:1                ; more stable temporal accumulation]]
[2022.10.19-04.59.38:987][  0]LogConfig: Setting CVar [[r.DOF.Kernel.MaxForegroundRadius:0.025]]
[2022.10.19-04.59.38:987][  0]LogConfig: Setting CVar [[r.DOF.Kernel.MaxBackgroundRadius:0.025]]
[2022.10.19-04.59.38:987][  0]LogConfig: Applying CVar settings from Section [TextureQuality@3] File [C:/Users/SGA/Documents/Mingyu/Saved/Config/Windows/Scalability.ini]
[2022.10.19-04.59.38:987][  0]LogConfig: Setting CVar [[r.Streaming.MipBias:0]]
[2022.10.19-04.59.38:987][  0]LogConfig: Setting CVar [[r.Streaming.AmortizeCPUToGPUCopy:0]]
[2022.10.19-04.59.38:987][  0]LogConfig: Setting CVar [[r.Streaming.MaxNumTexturesToStreamPerFrame:0]]
[2022.10.19-04.59.38:987][  0]LogConfig: Setting CVar [[r.Streaming.Boost:1]]
[2022.10.19-04.59.38:987][  0]LogConfig: Setting CVar [[r.MaxAnisotropy:8]]
[2022.10.19-04.59.38:987][  0]LogConfig: Setting CVar [[r.VT.MaxAnisotropy:8]]
[2022.10.19-04.59.38:987][  0]LogConfig: Setting CVar [[r.Streaming.LimitPoolSizeToVRAM:0]]
[2022.10.19-04.59.38:987][  0]LogConfig: Setting CVar [[r.Streaming.PoolSize:1000]]
[2022.10.19-04.59.38:987][  0]LogConfig: Setting CVar [[r.Streaming.MaxEffectiveScreenSize:0]]
[2022.10.19-04.59.38:987][  0]LogConfig: Applying CVar settings from Section [EffectsQuality@3] File [C:/Users/SGA/Documents/Mingyu/Saved/Config/Windows/Scalability.ini]
[2022.10.19-04.59.38:987][  0]LogConfig: Setting CVar [[r.TranslucencyLightingVolumeDim:64]]
[2022.10.19-04.59.38:987][  0]LogConfig: Setting CVar [[r.RefractionQuality:2]]
[2022.10.19-04.59.38:987][  0]LogConfig: Setting CVar [[r.SSR.Quality:3]]
[2022.10.19-04.59.38:987][  0]LogConfig: Setting CVar [[r.SSR.HalfResSceneColor:0]]
[2022.10.19-04.59.38:987][  0]LogConfig: Setting CVar [[r.SceneColorFormat:4]]
[2022.10.19-04.59.38:987][  0]LogConfig: Setting CVar [[r.DetailMode:2]]
[2022.10.19-04.59.38:987][  0]LogConfig: Setting CVar [[r.TranslucencyVolumeBlur:1]]
[2022.10.19-04.59.38:987][  0]LogConfig: Setting CVar [[r.MaterialQualityLevel:1 ; High quality]]
[2022.10.19-04.59.38:987][  0]LogConfig: Setting CVar [[r.SSS.Scale:1]]
[2022.10.19-04.59.38:987][  0]LogConfig: Setting CVar [[r.SSS.SampleSet:2]]
[2022.10.19-04.59.38:987][  0]LogConfig: Setting CVar [[r.SSS.Quality:1]]
[2022.10.19-04.59.38:987][  0]LogConfig: Setting CVar [[r.SSS.HalfRes:0]]
[2022.10.19-04.59.38:987][  0]LogConfig: Setting CVar [[r.SSGI.Quality:3]]
[2022.10.19-04.59.38:987][  0]LogConfig: Setting CVar [[r.EmitterSpawnRateScale:1.0]]
[2022.10.19-04.59.38:987][  0]LogConfig: Setting CVar [[r.ParticleLightQuality:2]]
[2022.10.19-04.59.38:987][  0]LogConfig: Setting CVar [[r.SkyAtmosphere.AerialPerspectiveLUT.FastApplyOnOpaque:1 ; Always have FastSkyLUT 1 in this case to avoid wrong sky]]
[2022.10.19-04.59.38:987][  0]LogConfig: Setting CVar [[r.SkyAtmosphere.AerialPerspectiveLUT.SampleCountPerSlice:1]]
[2022.10.19-04.59.38:987][  0]LogConfig: Setting CVar [[r.SkyAtmosphere.AerialPerspectiveLUT.DepthResolution:16.0]]
[2022.10.19-04.59.38:987][  0]LogConfig: Setting CVar [[r.SkyAtmosphere.FastSkyLUT:1]]
[2022.10.19-04.59.38:987][  0]LogConfig: Setting CVar [[r.SkyAtmosphere.FastSkyLUT.SampleCountMin:4.0]]
[2022.10.19-04.59.38:987][  0]LogConfig: Setting CVar [[r.SkyAtmosphere.FastSkyLUT.SampleCountMax:32.0]]
[2022.10.19-04.59.38:987][  0]LogConfig: Setting CVar [[r.SkyAtmosphere.SampleCountMin:4.0]]
[2022.10.19-04.59.38:987][  0]LogConfig: Setting CVar [[r.SkyAtmosphere.SampleCountMax:32.0]]
[2022.10.19-04.59.38:987][  0]LogConfig: Setting CVar [[r.SkyAtmosphere.TransmittanceLUT.UseSmallFormat:0]]
[2022.10.19-04.59.38:987][  0]LogConfig: Setting CVar [[r.SkyAtmosphere.TransmittanceLUT.SampleCount:10.0]]
[2022.10.19-04.59.38:987][  0]LogConfig: Setting CVar [[r.SkyAtmosphere.MultiScatteringLUT.SampleCount:15.0]]
[2022.10.19-04.59.38:987][  0]LogConfig: Applying CVar settings from Section [FoliageQuality@3] File [C:/Users/SGA/Documents/Mingyu/Saved/Config/Windows/Scalability.ini]
[2022.10.19-04.59.38:987][  0]LogConfig: Setting CVar [[foliage.DensityScale:1.0]]
[2022.10.19-04.59.38:987][  0]LogConfig: Setting CVar [[grass.DensityScale:1.0]]
[2022.10.19-04.59.38:987][  0]LogConfig: Applying CVar settings from Section [ShadingQuality@3] File [C:/Users/SGA/Documents/Mingyu/Saved/Config/Windows/Scalability.ini]
[2022.10.19-04.59.38:987][  0]LogConfig: Setting CVar [[r.HairStrands.SkyLighting.SampleCount:16]]
[2022.10.19-04.59.38:987][  0]LogConfig: Setting CVar [[r.HairStrands.SkyLighting.JitterIntegration:0]]
[2022.10.19-04.59.38:988][  0]LogConfig: Setting CVar [[r.HairStrands.SkyAO.SampleCount:16]]
[2022.10.19-04.59.38:988][  0]LogConfig: Setting CVar [[r.HairStrands.DeepShadow.SuperSampling:0]]
[2022.10.19-04.59.38:988][  0]LogConfig: Setting CVar [[r.HairStrands.VisibilityPPLL:0]]
[2022.10.19-04.59.38:988][  0]LogConfig: Setting CVar [[r.HairStrands.RasterizationScale:0.5]]
[2022.10.19-04.59.38:988][  0]LogConfig: Setting CVar [[r.HairStrands.VelocityRasterizationScale:1]]
[2022.10.19-04.59.38:988][  0]LogConfig: Applying CVar settings from Section [Startup] File [../../../Engine/Config/ConsoleVariables.ini]
[2022.10.19-04.59.38:988][  0]LogConfig: Setting CVar [[net.UseAdaptiveNetUpdateFrequency:0]]
[2022.10.19-04.59.38:988][  0]LogConfig: Setting CVar [[p.chaos.AllowCreatePhysxBodies:1]]
[2022.10.19-04.59.38:988][  0]LogConfig: Setting CVar [[fx.SkipVectorVMBackendOptimizations:1]]
[2022.10.19-04.59.38:988][  0]LogConfig: Applying CVar settings from Section [ConsoleVariables] File [C:/Users/SGA/Documents/Mingyu/Saved/Config/Windows/Engine.ini]
[2022.10.19-04.59.38:988][  0]LogInit: Computer: DESKTOP-HQKDT44
[2022.10.19-04.59.38:988][  0]LogInit: User: SGA
[2022.10.19-04.59.38:988][  0]LogInit: CPU Page size=4096, Cores=6
[2022.10.19-04.59.38:988][  0]LogInit: High frequency timer resolution =10.000000 MHz
[2022.10.19-04.59.38:988][  0]LogMemory: Memory total: Physical=15.8GB (16GB approx)
[2022.10.19-04.59.38:988][  0]LogMemory: Platform Memory Stats for Windows
[2022.10.19-04.59.38:988][  0]LogMemory: Process Physical Memory: 116.66 MB used, 116.66 MB peak
[2022.10.19-04.59.38:988][  0]LogMemory: Process Virtual Memory: 109.46 MB used, 109.46 MB peak
[2022.10.19-04.59.38:988][  0]LogMemory: Physical Memory: 6268.62 MB used,  9925.39 MB free, 16194.01 MB total
[2022.10.19-04.59.38:988][  0]LogMemory: Virtual Memory: 5179.11 MB used,  134212552.00 MB free, 134217728.00 MB total
[2022.10.19-04.59.38:991][  0]LogWindows: WindowsPlatformFeatures enabled
[2022.10.19-04.59.39:007][  0]LogInit: Physics initialised using underlying interface: PhysX
[2022.10.19-04.59.39:008][  0]LogInit: Using OS detected language (ko-KR).
[2022.10.19-04.59.39:008][  0]LogInit: Using OS detected locale (ko-KR).
[2022.10.19-04.59.39:011][  0]LogTextLocalizationManager: No specific localization for 'ko-KR' exists, so the 'ko' localization will be used.
[2022.10.19-04.59.39:062][  0]LogInit: Setting process to per monitor DPI aware
[2022.10.19-04.59.39:086][  0]LogSlate: New Slate User Created.  User Index 0, Is Virtual User: 0
[2022.10.19-04.59.39:086][  0]LogSlate: Slate User Registered.  User Index 0, Is Virtual User: 0
[2022.10.19-04.59.39:146][  0]LogHMD: Failed to initialize OpenVR with code 110
[2022.10.19-04.59.39:146][  0]LogD3D11RHI: D3D11 min allowed feature level: 11_0
[2022.10.19-04.59.39:146][  0]LogD3D11RHI: D3D11 max allowed feature level: 11_0
[2022.10.19-04.59.39:146][  0]LogD3D11RHI: D3D11 adapters:
[2022.10.19-04.59.39:205][  0]LogD3D11RHI:    0. 'NVIDIA GeForce GTX 1650' (Feature Level 11_0)
[2022.10.19-04.59.39:205][  0]LogD3D11RHI:       3962/0/8097 MB DedicatedVideo/DedicatedSystem/SharedSystem, Outputs:1, VendorId:0x10de
[2022.10.19-04.59.39:207][  0]LogD3D11RHI:    1. 'Microsoft Basic Render Driver' (Feature Level 11_0)
[2022.10.19-04.59.39:207][  0]LogD3D11RHI:       0/0/8097 MB DedicatedVideo/DedicatedSystem/SharedSystem, Outputs:0, VendorId:0x1414
[2022.10.19-04.59.39:207][  0]LogD3D11RHI: Chosen D3D11 Adapter: 0
[2022.10.19-04.59.39:210][  0]LogD3D11RHI: Creating new Direct3DDevice
[2022.10.19-04.59.39:210][  0]LogD3D11RHI:     GPU DeviceId: 0x1f82 (for the marketing name, search the web for "GPU Device Id")
[2022.10.19-04.59.39:210][  0]LogWindows: EnumDisplayDevices:
[2022.10.19-04.59.39:210][  0]LogWindows:    0. 'NVIDIA GeForce GTX 1650' (P:1 D:1)
[2022.10.19-04.59.39:211][  0]LogWindows:    1. 'NVIDIA GeForce GTX 1650' (P:0 D:0)
[2022.10.19-04.59.39:211][  0]LogWindows:    2. 'NVIDIA GeForce GTX 1650' (P:0 D:0)
[2022.10.19-04.59.39:211][  0]LogWindows:    3. 'NVIDIA GeForce GTX 1650' (P:0 D:0)
[2022.10.19-04.59.39:211][  0]LogWindows: DebugString: FoundDriverCount:4 
[2022.10.19-04.59.39:211][  0]LogD3D11RHI:     Adapter Name: NVIDIA GeForce GTX 1650
[2022.10.19-04.59.39:211][  0]LogD3D11RHI:   Driver Version: 512.15 (internal:30.0.15.1215, unified:512.15)
[2022.10.19-04.59.39:211][  0]LogD3D11RHI:      Driver Date: 3-17-2022
[2022.10.19-04.59.39:211][  0]LogRHI: Texture pool is 2773 MB (70% of 3962 MB)
[2022.10.19-04.59.39:251][  0]LogD3D11RHI: RHI has support for 64 bit atomics
[2022.10.19-04.59.39:251][  0]LogD3D11RHI: Async texture creation enabled
[2022.10.19-04.59.39:251][  0]LogD3D11RHI: Array index from any shader is supported
[2022.10.19-04.59.39:261][  0]LogD3D11RHI: GPU Timing Frequency: 1000.000000 (Debug: 2 1)
[2022.10.19-04.59.39:434][  0]LogTargetPlatformManager: Display: Loaded TargetPlatform 'AllDesktop'
[2022.10.19-04.59.39:447][  0]LogTargetPlatformManager: Display: Loaded TargetPlatform 'Android'
[2022.10.19-04.59.39:447][  0]LogTargetPlatformManager: Display: Loaded TargetPlatform 'Android_ASTC'
[2022.10.19-04.59.39:447][  0]LogTargetPlatformManager: Display: Loaded TargetPlatform 'Android_DXT'
[2022.10.19-04.59.39:447][  0]LogTargetPlatformManager: Display: Loaded TargetPlatform 'Android_ETC2'
[2022.10.19-04.59.39:447][  0]LogTargetPlatformManager: Display: Loaded TargetPlatform 'AndroidClient'
[2022.10.19-04.59.39:447][  0]LogTargetPlatformManager: Display: Loaded TargetPlatform 'Android_ASTCClient'
[2022.10.19-04.59.39:447][  0]LogTargetPlatformManager: Display: Loaded TargetPlatform 'Android_DXTClient'
[2022.10.19-04.59.39:447][  0]LogTargetPlatformManager: Display: Loaded TargetPlatform 'Android_ETC2Client'
[2022.10.19-04.59.39:447][  0]LogTargetPlatformManager: Display: Loaded TargetPlatform 'Android_Multi'
[2022.10.19-04.59.39:447][  0]LogTargetPlatformManager: Display: Loaded TargetPlatform 'Android_MultiClient'
[2022.10.19-04.59.39:462][  0]LogTargetPlatformManager: Display: Loaded TargetPlatform 'IOSClient'
[2022.10.19-04.59.39:462][  0]LogTargetPlatformManager: Display: Loaded TargetPlatform 'IOS'
[2022.10.19-04.59.39:469][  0]LogTargetPlatformManager: Display: Loaded TargetPlatform 'Linux'
[2022.10.19-04.59.39:475][  0]LogTargetPlatformManager: Display: Loaded TargetPlatform 'LinuxNoEditor'
[2022.10.19-04.59.39:481][  0]LogTargetPlatformManager: Display: Loaded TargetPlatform 'LinuxClient'
[2022.10.19-04.59.39:486][  0]LogTargetPlatformManager: Display: Loaded TargetPlatform 'LinuxServer'
[2022.10.19-04.59.39:492][  0]LogTargetPlatformManager: Display: Loaded TargetPlatform 'LinuxAArch64NoEditor'
[2022.10.19-04.59.39:497][  0]LogTargetPlatformManager: Display: Loaded TargetPlatform 'LinuxAArch64Client'
[2022.10.19-04.59.39:502][  0]LogTargetPlatformManager: Display: Loaded TargetPlatform 'LinuxAArch64Server'
[2022.10.19-04.59.39:518][  0]LogTargetPlatformManager: Display: Loaded TargetPlatform 'Lumin'
[2022.10.19-04.59.39:518][  0]LogTargetPlatformManager: Display: Loaded TargetPlatform 'LuminClient'
[2022.10.19-04.59.39:527][  0]LogTargetPlatformManager: Display: Loaded TargetPlatform 'TVOSClient'
[2022.10.19-04.59.39:527][  0]LogTargetPlatformManager: Display: Loaded TargetPlatform 'TVOS'
[2022.10.19-04.59.39:533][  0]LogTargetPlatformManager: Display: Loaded TargetPlatform 'WindowsNoEditor'
[2022.10.19-04.59.39:539][  0]LogTargetPlatformManager: Display: Loaded TargetPlatform 'Windows'
[2022.10.19-04.59.39:544][  0]LogTargetPlatformManager: Display: Loaded TargetPlatform 'WindowsClient'
[2022.10.19-04.59.39:550][  0]LogTargetPlatformManager: Display: Loaded TargetPlatform 'WindowsServer'
[2022.10.19-04.59.39:550][  0]LogTargetPlatformManager: Display: Building Assets For Windows
[2022.10.19-04.59.39:554][  0]LogAudioDebug: Display: Lib vorbis DLL was dynamically loaded.
[2022.10.19-04.59.39:587][  0]LogShaderCompilers: Guid format shader working directory is 0 characters bigger than the processId version (../../../../../../Users/SGA/Documents/Mingyu/Intermediate/Shaders/WorkingDirectory/4576/).
[2022.10.19-04.59.39:587][  0]LogShaderCompilers: Cleaned the shader compiler working directory 'C:/Users/SGA/AppData/Local/Temp/UnrealShaderWorkingDir/92FDEA924B83C884E80873AEC5E5DF5D/'.
[2022.10.19-04.59.39:587][  0]LogXGEController: Cleaning working directory: C:/Users/SGA/AppData/Local/Temp/UnrealXGEWorkingDir/
[2022.10.19-04.59.39:587][  0]LogXGEController: Cannot use XGE Controller as Incredibuild is not installed on this machine.
[2022.10.19-04.59.39:587][  0]LogShaderCompilers: Cannot use XGE Shader Compiler as Incredibuild is not installed on this machine.
[2022.10.19-04.59.39:587][  0]LogShaderCompilers: Display: Using Local Shader Compiler.
[2022.10.19-04.59.40:085][  0]LogDerivedDataCache: Display: Max Cache Size: 512 MB
[2022.10.19-04.59.40:124][  0]LogDerivedDataCache: Loaded boot cache 0.04s 81MB C:/Users/SGA/AppData/Local/UnrealEngine/4.25/DerivedDataCache/Boot.ddc.
[2022.10.19-04.59.40:124][  0]LogDerivedDataCache: Display: Loaded Boot cache: C:/Users/SGA/AppData/Local/UnrealEngine/4.25/DerivedDataCache/Boot.ddc
[2022.10.19-04.59.40:124][  0]LogDerivedDataCache: FDerivedDataBackendGraph:  Pak pak cache file ../../../../../../Users/SGA/Documents/Mingyu/DerivedDataCache/DDC.ddp not found, will not use a pak cache.
[2022.10.19-04.59.40:124][  0]LogDerivedDataCache: Unable to find inner node Pak for hierarchical cache Hierarchy.
[2022.10.19-04.59.40:124][  0]LogDerivedDataCache: FDerivedDataBackendGraph:  CompressedPak pak cache file ../../../../../../Users/SGA/Documents/Mingyu/DerivedDataCache/Compressed.ddp not found, will not use a pak cache.
[2022.10.19-04.59.40:124][  0]LogDerivedDataCache: Unable to find inner node CompressedPak for hierarchical cache Hierarchy.
[2022.10.19-04.59.40:132][  0]LogDerivedDataCache: Display: Pak cache opened for reading ../../../Engine/DerivedDataCache/Compressed.ddp.
[2022.10.19-04.59.40:132][  0]LogDerivedDataCache: FDerivedDataBackendGraph:  EnterprisePak pak cache file ../../../Enterprise/DerivedDataCache/Compressed.ddp not found, will not use a pak cache.
[2022.10.19-04.59.40:132][  0]LogDerivedDataCache: Unable to find inner node EnterprisePak for hierarchical cache Hierarchy.
[2022.10.19-04.59.40:133][  0]LogDerivedDataCache: Using Local data cache path C:/Users/SGA/AppData/Local/UnrealEngine/Common/DerivedDataCache: Writable
[2022.10.19-04.59.40:133][  0]LogDerivedDataCache: Shared data cache path not found in *engine.ini, will not use an Shared cache.
[2022.10.19-04.59.40:133][  0]LogDerivedDataCache: Unable to find inner node Shared for hierarchical cache Hierarchy.
[2022.10.19-04.59.40:163][  0]LogSlate: Using FreeType 2.10.0
[2022.10.19-04.59.40:163][  0]LogSlate: SlateFontServices - WITH_FREETYPE: 1, WITH_HARFBUZZ: 1
[2022.10.19-04.59.40:181][  0]LogAssetRegistry: FAssetRegistry took 0.0023 seconds to start up
[2022.10.19-04.59.40:317][  0]LogInit: Selected Device Profile: [Windows]
[2022.10.19-04.59.40:385][  0]LogMeshReduction: Using QuadricMeshReduction for automatic static mesh reduction
[2022.10.19-04.59.40:385][  0]LogMeshReduction: Using SimplygonMeshReduction for automatic skeletal mesh reduction
[2022.10.19-04.59.40:385][  0]LogMeshReduction: Using ProxyLODMeshReduction for automatic mesh merging
[2022.10.19-04.59.40:385][  0]LogMeshReduction: No distributed automatic mesh merging module available
[2022.10.19-04.59.40:385][  0]LogMeshMerging: No distributed automatic mesh merging module available
[2022.10.19-04.59.40:394][  0]LogNetVersion: MyCProject00 1.0.0, NetCL: 13144385, EngineNetVer: 14, GameNetVer: 0 (Checksum: 1027541310)
[2022.10.19-04.59.40:667][  0]LogAISub: UAISubsystem::UAISubsystem AISubsystem (0000025B0E944480), frame # 0
[2022.10.19-04.59.40:667][  0]LogAISub: UAISubsystem::UAISubsystem AIPerceptionSystem (0000025B0E86AAC0), frame # 0
[2022.10.19-04.59.40:667][  0]LogAISub: UAISubsystem::UAISubsystem EnvQueryManager (0000025B0E8B5E00), frame # 0
[2022.10.19-04.59.40:686][  0]LogPackageLocalizationCache: Processed 19 localized package path(s) for 1 prioritized culture(s) in 0.015261 seconds
[2022.10.19-04.59.40:689][  0]LogUObjectArray: 15917 objects as part of root set at end of initial load.
[2022.10.19-04.59.40:689][  0]LogUObjectAllocator: 3965568 out of 0 bytes used by permanent object pool.
[2022.10.19-04.59.40:689][  0]LogUObjectArray: CloseDisregardForGC: 0/0 objects in disregard for GC pool
[2022.10.19-04.59.40:888][  0]LogTcpMessaging: Initializing TcpMessaging bridge
[2022.10.19-04.59.40:890][  0]LogUdpMessaging: Initializing bridge on interface 0.0.0.0:0 to multicast group 230.0.0.1:6666.
[2022.10.19-04.59.40:920][  0]LogAnimation: Warning: SkeletalMesh SK_Mannequin has no skeleton. This needs to fixed before an animation can be set
[2022.10.19-04.59.40:927][  0]LogAnimation: Warning: SkeletalMesh SK_Mannequin has no skeleton. This needs to fixed before an animation can be set
[2022.10.19-04.59.40:928][  0]LogAnimation: Warning: SkeletalMesh SK_Mannequin has no skeleton. This needs to fixed before an animation can be set
[2022.10.19-04.59.41:007][  0]SourceControl: 소스 컨트롤이 꺼졌습니다.
[2022.10.19-04.59.41:007][  0]SourceControl: 소스 컨트롤이 꺼졌습니다.
[2022.10.19-04.59.41:009][  0]SourceControl: 소스 컨트롤이 꺼졌습니다.
[2022.10.19-04.59.41:010][  0]SourceControl: 소스 컨트롤이 꺼졌습니다.
[2022.10.19-04.59.41:014][  0]SourceControl: 소스 컨트롤이 꺼졌습니다.
[2022.10.19-04.59.41:162][  0]LogAndroidPermission: UAndroidPermissionCallbackProxy::GetInstance
[2022.10.19-04.59.41:174][  0]LogAudioCaptureCore: Display: No Audio Capture implementations found. Audio input will be silent.
[2022.10.19-04.59.41:174][  0]LogAudioCaptureCore: Display: No Audio Capture implementations found. Audio input will be silent.
[2022.10.19-04.59.41:203][  0]LogOcInput: OculusInput pre-init called
[2022.10.19-04.59.41:209][  0]LogWindows: Failed to load 'OVRPlugin.dll' (GetLastError=126)
[2022.10.19-04.59.41:209][  0]LogWindows: File 'OVRPlugin.dll' does not exist
[2022.10.19-04.59.41:248][  0]LogEngine: Initializing Engine...
[2022.10.19-04.59.41:249][  0]LogHMD: Failed to initialize OpenVR with code 110
[2022.10.19-04.59.41:249][  0]LogMagicLeap: Warning: VR disabled because ZI is not enabled.  To enable, in the editor, Edit -> Project Settings -> Plugins -> Magic Leap Plugin -> Enable Zero Iteration
[2022.10.19-04.59.41:249][  0]LogStats: UGameplayTagsManager::InitializeManager -  0.000 s
[2022.10.19-04.59.41:326][  0]LogInit: Initializing FReadOnlyCVARCache
[2022.10.19-04.59.41:331][  0]LogAIModule: Creating AISystem for world Untitled
[2022.10.19-04.59.41:331][  0]LogAISub: UAISubsystem::UAISubsystem EnvQueryManager (0000025B148CBC00), frame # 0
[2022.10.19-04.59.41:331][  0]LogAISub: UAISubsystem::UAISubsystem AIPerceptionSystem (0000025B14940680), frame # 0
[2022.10.19-04.59.41:342][  0]LogAudioMixer: Display: Audio Mixer Platform Settings:
[2022.10.19-04.59.41:342][  0]LogAudioMixer: Display: 	Sample Rate:						  48000
[2022.10.19-04.59.41:342][  0]LogAudioMixer: Display: 	Callback Buffer Frame Size Requested: 1024
[2022.10.19-04.59.41:342][  0]LogAudioMixer: Display: 	Callback Buffer Frame Size To Use:	  1024
[2022.10.19-04.59.41:342][  0]LogAudioMixer: Display: 	Number of buffers to queue:			  2
[2022.10.19-04.59.41:342][  0]LogAudioMixer: Display: 	Max Channels (voices):				  32
[2022.10.19-04.59.41:342][  0]LogAudioMixer: Display: 	Number of Async Source Workers:		  0
[2022.10.19-04.59.41:342][  0]LogAudio: Display: AudioDevice MaxSources: 32
[2022.10.19-04.59.41:343][  0]LogAudio: Display: Using built-in audio occlusion.
[2022.10.19-04.59.41:343][  0]LogAudioMixer: Display: Initializing audio mixer.
[2022.10.19-04.59.41:348][  0]LogAudioMixer: Display: 0: FrontLeft
[2022.10.19-04.59.41:348][  0]LogAudioMixer: Display: 1: FrontRight
[2022.10.19-04.59.41:371][  0]LogAudioMixer: Display: Using Audio Device 스피커(3- USBFC1)
[2022.10.19-04.59.41:372][  0]LogAudioMixer: Display: Initializing Sound Submixes...
[2022.10.19-04.59.41:373][  0]LogAudioMixer: Display: Creating Master Submix 'MasterSubmixDefault'
[2022.10.19-04.59.41:373][  0]LogAudioMixer: Display: Creating Master Submix 'MasterReverbSubmixDefault'
[2022.10.19-04.59.41:374][  0]LogAudioMixer: Display: Creating Master Submix 'MasterEQSubmixDefault'
[2022.10.19-04.59.41:375][  0]LogInit: FAudioDevice initialized.
[2022.10.19-04.59.41:375][  0]LogNetVersion: Set ProjectVersion to 1.0.0.0. Version Checksum will be recalculated on next use.
[2022.10.19-04.59.41:440][  0]LogDerivedDataCache: Saved boot cache 0.07s 81MB C:/Users/SGA/AppData/Local/UnrealEngine/4.25/DerivedDataCache/Boot.ddc.
[2022.10.19-04.59.41:440][  0]LogInit: Texture streaming: Enabled
[2022.10.19-04.59.41:450][  0]LogEngineSessionManager: EngineSessionManager initialized
[2022.10.19-04.59.41:450][  0]LogEditorSessionSummary: Verbose: Initializing EditorSessionSummaryWriter for editor session tracking
[2022.10.19-04.59.41:451][  0]LogEditorSessionSummary: EditorSessionSummaryWriter initialized
[2022.10.19-04.59.41:472][  0]LogInit: Transaction tracking system initialized
[2022.10.19-04.59.41:484][  0]BlueprintLog: New page: 에디터 로드
[2022.10.19-04.59.41:528][  0]LocalizationService: 현지화 서비스가 비활성화되었습니다.
[2022.10.19-04.59.41:615][  0]LogCook: Display: Max memory allowance for cook 16384mb min free memory 0mb
[2022.10.19-04.59.41:615][  0]LogCook: Display: Mobile HDR setting 1
[2022.10.19-04.59.41:693][  0]LogFileCache: Scanning file cache for directory 'C:/Users/SGA/Documents/Mingyu/Content/' took 0.00s
[2022.10.19-04.59.41:835][  0]SourceControl: 소스 컨트롤이 꺼졌습니다.
[2022.10.19-04.59.41:835][  0]LogUnrealEdMisc: Loading editor; pre map load, took 3.787
[2022.10.19-04.59.41:835][  0]Cmd: MAP LOAD FILE="../../../../../../Users/SGA/Documents/Mingyu/Content/Levels/01_Actor.umap" TEMPLATE=0 SHOWPROGRESS=1 FEATURELEVEL=3
[2022.10.19-04.59.41:835][  0]LightingResults: New page: 라이팅 빌드
[2022.10.19-04.59.41:836][  0]LogWorld: UWorld::CleanupWorld for Untitled, bSessionEnded=true, bCleanupResources=true
[2022.10.19-04.59.41:836][  0]LogSlate: InvalidateAllWidgets triggered.  All widgets were invalidated
[2022.10.19-04.59.41:836][  0]MapCheck: New page: 맵 체크
[2022.10.19-04.59.41:836][  0]LightingResults: New page: 라이팅 빌드
[2022.10.19-04.59.41:851][  0]LogAISub: UAISubsystem::~UAISubsystem EnvQueryManager (0000025B148CBC00), frame # 0
[2022.10.19-04.59.41:851][  0]LogAISub: UAISubsystem::~UAISubsystem AIPerceptionSystem (0000025B14940680), frame # 0
[2022.10.19-04.59.41:852][  0]LogUObjectHash: Compacting FUObjectHashTables data took   0.50ms
[2022.10.19-04.59.42:025][  0]LogAIModule: Creating AISystem for world 01_Actor
[2022.10.19-04.59.42:025][  0]LogAISub: UAISubsystem::UAISubsystem EnvQueryManager (0000025B032B2200), frame # 0
[2022.10.19-04.59.42:026][  0]LogAISub: UAISubsystem::UAISubsystem AIPerceptionSystem (0000025B033D9A80), frame # 0
[2022.10.19-04.59.42:031][  0]LogEditorServer: Finished looking for orphan Actors (0.000 secs)
[2022.10.19-04.59.42:043][  0]LogUObjectHash: Compacting FUObjectHashTables data took   0.53ms
[2022.10.19-04.59.42:043][  0]Cmd: MAP CHECKDEP NOCLEARLOG
[2022.10.19-04.59.42:044][  0]MapCheck: 맵 체크 완료: 오류 0 회, 경고 0 회, 소요 시간 0.147ms.
[2022.10.19-04.59.42:044][  0]LogFileHelpers: Loading map '01_Actor' took 0.208
[2022.10.19-04.59.42:045][  0]LogUnrealEdMisc: Total Editor Startup Time, took 3.998
[2022.10.19-04.59.42:149][  0]LogSlate: Updating window title bar state: overlay mode, drag disabled, window buttons hidden, title bar hidden
[2022.10.19-04.59.42:153][  0]LogSlate: Updating window title bar state: overlay mode, drag disabled, window buttons hidden, title bar hidden
[2022.10.19-04.59.42:157][  0]LogSlate: Updating window title bar state: overlay mode, drag disabled, window buttons hidden, title bar hidden
[2022.10.19-04.59.42:161][  0]LogSlate: Updating window title bar state: overlay mode, drag disabled, window buttons hidden, title bar hidden
[2022.10.19-04.59.42:165][  0]LogCollectionManager: Loaded 0 collections in 0.001430 seconds
[2022.10.19-04.59.42:175][  0]LogFileCache: Scanning file cache for directory 'C:/Users/SGA/Documents/Mingyu/Saved/Collections/' took 0.00s
[2022.10.19-04.59.42:175][  0]LogFileCache: Scanning file cache for directory 'C:/Users/SGA/Documents/Mingyu/Content/Developers/SGA/Collections/' took 0.00s
[2022.10.19-04.59.42:175][  0]LogFileCache: Scanning file cache for directory 'C:/Users/SGA/Documents/Mingyu/Content/Collections/' took 0.00s
[2022.10.19-04.59.42:175][  0]LogContentBrowser: Native class hierarchy populated in 0.0064 seconds. Added 3436 classes and 825 folders.
[2022.10.19-04.59.42:178][  0]LogContentBrowser: Native class hierarchy updated for 'WidgetCarousel' in 0.0002 seconds. Added 0 classes and 0 folders.
[2022.10.19-04.59.42:201][  0]LogContentBrowser: Native class hierarchy updated for 'AddContentDialog' in 0.0003 seconds. Added 0 classes and 0 folders.
[2022.10.19-04.59.42:205][  0]LogContentBrowser: Native class hierarchy updated for 'SceneOutliner' in 0.0003 seconds. Added 2 classes and 0 folders.
[2022.10.19-04.59.42:247][  0]LogSlate: Took 0.000092 seconds to synchronously load lazily loaded font '../../../Engine/Content/Slate/Fonts/Roboto-Regular.ttf' (155K)
[2022.10.19-04.59.42:249][  0]LogSlate: Took 0.001251 seconds to synchronously load lazily loaded font '../../../Engine/Content/Editor/Slate/Fonts/NanumGothic.ttf' (4243K)
[2022.10.19-04.59.42:250][  0]LogSlate: Took 0.000081 seconds to synchronously load lazily loaded font '../../../Engine/Content/Editor/Slate/Fonts/FontAwesome.ttf' (139K)
[2022.10.19-04.59.42:252][  0]LogSlate: Took 0.001149 seconds to synchronously load lazily loaded font '../../../Engine/Content/Editor/Slate/Fonts/NanumGothicBold.ttf' (4188K)
[2022.10.19-04.59.42:252][  0]LogSlate: Took 0.000064 seconds to synchronously load lazily loaded font '../../../Engine/Content/Slate/Fonts/Roboto-Bold.ttf' (160K)
[2022.10.19-04.59.42:252][  0]LogSlate: Took 0.000044 seconds to synchronously load lazily loaded font '../../../Engine/Content/Slate/Fonts/DroidSansMono.ttf' (77K)
[2022.10.19-04.59.42:281][  0]LogSlate: Took 0.001187 seconds to synchronously load lazily loaded font '../../../Engine/Content/Editor/Slate/Fonts/NanumGothicExtraBold.ttf' (4074K)
[2022.10.19-04.59.42:317][  0]LogRenderer: Reallocating scene render targets to support 1104x572 Format 10 NumSamples 1 (Frame:1).
[2022.10.19-04.59.42:340][  0]LogSlate: Took 0.000088 seconds to synchronously load lazily loaded font '../../../Engine/Content/Slate/Fonts/Roboto-Light.ttf' (167K)
[2022.10.19-04.59.42:375][  0]LogContentBrowser: Native class hierarchy updated for 'HierarchicalLODOutliner' in 0.0003 seconds. Added 0 classes and 0 folders.
[2022.10.19-04.59.42:375][  0]LogLoad: (Engine Initialization) Total time: 4.33 seconds
[2022.10.19-04.59.42:375][  0]LogLoad: (Engine Initialization) Total Blueprint compile time: 0.00 seconds
[2022.10.19-04.59.42:447][  0]LogContentStreaming: Texture pool size now 1000 MB
[2022.10.19-04.59.43:734][113]LogAssetRegistry: Asset discovery search completed in 3.5547 seconds
[2022.10.19-04.59.43:737][113]LogCollectionManager: Fixed up redirectors for 0 collections in 0.000001 seconds (updated 0 objects)
